
                                 Formality (R)

               Version L-2016.03-SP1 for linux64 - Apr 13, 2016 

                    Copyright (c) 1988 - 2016 Synopsys, Inc.
   This software and the associated documentation are proprietary to Synopsys,
 Inc. This software may only be used in accordance with the terms and conditions
 of a written license agreement with Synopsys, Inc. All other use, reproduction,
            or distribution of this software is strictly prohibited.

  ** Highlights of Formality (R) Version L-2016.03 **
   - New alternate verification strategies for resolving inconclusive verifications
   - Automation for deploying alternate strategies
   - New command to export the mapping of reference to implementation registers
   - New capability to combine PG and low power information from db libraries with Verilog functional models

   * Please refer to the Formality Release Notes for details and additional enhancements

Build: 4031317
Hostname: IC (RHEL64)
Current time: Thu Sep 21 03:26:25 2023

Loading db file '/opt/Synopsys/Formality2016/libraries/syn/gtech.db'
############################ Project PATH ################################
set PROJECT_PATH /home/IC/Projects/System
/home/IC/Projects/System
############################  Search PATH ################################
lappend search_path /home/IC/tsmc_fb_cl013g_sc/aci/sc-m/synopsys
/home/IC/tsmc_fb_cl013g_sc/aci/sc-m/synopsys
lappend search_path $PROJECT_PATH/RTL/ALU
/home/IC/tsmc_fb_cl013g_sc/aci/sc-m/synopsys /home/IC/Projects/System/RTL/ALU
lappend search_path $PROJECT_PATH/RTL/Asynch_FIFO
/home/IC/tsmc_fb_cl013g_sc/aci/sc-m/synopsys /home/IC/Projects/System/RTL/ALU /home/IC/Projects/System/RTL/Asynch_FIFO
lappend search_path $PROJECT_PATH/RTL/Clock_Divider
/home/IC/tsmc_fb_cl013g_sc/aci/sc-m/synopsys /home/IC/Projects/System/RTL/ALU /home/IC/Projects/System/RTL/Asynch_FIFO /home/IC/Projects/System/RTL/Clock_Divider
lappend search_path $PROJECT_PATH/RTL/CLK_GATE
/home/IC/tsmc_fb_cl013g_sc/aci/sc-m/synopsys /home/IC/Projects/System/RTL/ALU /home/IC/Projects/System/RTL/Asynch_FIFO /home/IC/Projects/System/RTL/Clock_Divider /home/IC/Projects/System/RTL/CLK_GATE
lappend search_path $PROJECT_PATH/RTL/DATA_SYNC
/home/IC/tsmc_fb_cl013g_sc/aci/sc-m/synopsys /home/IC/Projects/System/RTL/ALU /home/IC/Projects/System/RTL/Asynch_FIFO /home/IC/Projects/System/RTL/Clock_Divider /home/IC/Projects/System/RTL/CLK_GATE /home/IC/Projects/System/RTL/DATA_SYNC
lappend search_path $PROJECT_PATH/RTL/REG_FILE
/home/IC/tsmc_fb_cl013g_sc/aci/sc-m/synopsys /home/IC/Projects/System/RTL/ALU /home/IC/Projects/System/RTL/Asynch_FIFO /home/IC/Projects/System/RTL/Clock_Divider /home/IC/Projects/System/RTL/CLK_GATE /home/IC/Projects/System/RTL/DATA_SYNC /home/IC/Projects/System/RTL/REG_FILE
lappend search_path $PROJECT_PATH/RTL/Pulse_Gen
/home/IC/tsmc_fb_cl013g_sc/aci/sc-m/synopsys /home/IC/Projects/System/RTL/ALU /home/IC/Projects/System/RTL/Asynch_FIFO /home/IC/Projects/System/RTL/Clock_Divider /home/IC/Projects/System/RTL/CLK_GATE /home/IC/Projects/System/RTL/DATA_SYNC /home/IC/Projects/System/RTL/REG_FILE /home/IC/Projects/System/RTL/Pulse_Gen
lappend search_path $PROJECT_PATH/RTL/RST_SYNC
/home/IC/tsmc_fb_cl013g_sc/aci/sc-m/synopsys /home/IC/Projects/System/RTL/ALU /home/IC/Projects/System/RTL/Asynch_FIFO /home/IC/Projects/System/RTL/Clock_Divider /home/IC/Projects/System/RTL/CLK_GATE /home/IC/Projects/System/RTL/DATA_SYNC /home/IC/Projects/System/RTL/REG_FILE /home/IC/Projects/System/RTL/Pulse_Gen /home/IC/Projects/System/RTL/RST_SYNC
lappend search_path $PROJECT_PATH/RTL/SYS_CTRL
/home/IC/tsmc_fb_cl013g_sc/aci/sc-m/synopsys /home/IC/Projects/System/RTL/ALU /home/IC/Projects/System/RTL/Asynch_FIFO /home/IC/Projects/System/RTL/Clock_Divider /home/IC/Projects/System/RTL/CLK_GATE /home/IC/Projects/System/RTL/DATA_SYNC /home/IC/Projects/System/RTL/REG_FILE /home/IC/Projects/System/RTL/Pulse_Gen /home/IC/Projects/System/RTL/RST_SYNC /home/IC/Projects/System/RTL/SYS_CTRL
lappend search_path $PROJECT_PATH/RTL/UART/UART_RX
/home/IC/tsmc_fb_cl013g_sc/aci/sc-m/synopsys /home/IC/Projects/System/RTL/ALU /home/IC/Projects/System/RTL/Asynch_FIFO /home/IC/Projects/System/RTL/Clock_Divider /home/IC/Projects/System/RTL/CLK_GATE /home/IC/Projects/System/RTL/DATA_SYNC /home/IC/Projects/System/RTL/REG_FILE /home/IC/Projects/System/RTL/Pulse_Gen /home/IC/Projects/System/RTL/RST_SYNC /home/IC/Projects/System/RTL/SYS_CTRL /home/IC/Projects/System/RTL/UART/UART_RX
lappend search_path $PROJECT_PATH/RTL/UART/UART_TX
/home/IC/tsmc_fb_cl013g_sc/aci/sc-m/synopsys /home/IC/Projects/System/RTL/ALU /home/IC/Projects/System/RTL/Asynch_FIFO /home/IC/Projects/System/RTL/Clock_Divider /home/IC/Projects/System/RTL/CLK_GATE /home/IC/Projects/System/RTL/DATA_SYNC /home/IC/Projects/System/RTL/REG_FILE /home/IC/Projects/System/RTL/Pulse_Gen /home/IC/Projects/System/RTL/RST_SYNC /home/IC/Projects/System/RTL/SYS_CTRL /home/IC/Projects/System/RTL/UART/UART_RX /home/IC/Projects/System/RTL/UART/UART_TX
lappend search_path $PROJECT_PATH/RTL/UART/UART_TOP
/home/IC/tsmc_fb_cl013g_sc/aci/sc-m/synopsys /home/IC/Projects/System/RTL/ALU /home/IC/Projects/System/RTL/Asynch_FIFO /home/IC/Projects/System/RTL/Clock_Divider /home/IC/Projects/System/RTL/CLK_GATE /home/IC/Projects/System/RTL/DATA_SYNC /home/IC/Projects/System/RTL/REG_FILE /home/IC/Projects/System/RTL/Pulse_Gen /home/IC/Projects/System/RTL/RST_SYNC /home/IC/Projects/System/RTL/SYS_CTRL /home/IC/Projects/System/RTL/UART/UART_RX /home/IC/Projects/System/RTL/UART/UART_TX /home/IC/Projects/System/RTL/UART/UART_TOP
lappend search_path $PROJECT_PATH/RTL/Top
/home/IC/tsmc_fb_cl013g_sc/aci/sc-m/synopsys /home/IC/Projects/System/RTL/ALU /home/IC/Projects/System/RTL/Asynch_FIFO /home/IC/Projects/System/RTL/Clock_Divider /home/IC/Projects/System/RTL/CLK_GATE /home/IC/Projects/System/RTL/DATA_SYNC /home/IC/Projects/System/RTL/REG_FILE /home/IC/Projects/System/RTL/Pulse_Gen /home/IC/Projects/System/RTL/RST_SYNC /home/IC/Projects/System/RTL/SYS_CTRL /home/IC/Projects/System/RTL/UART/UART_RX /home/IC/Projects/System/RTL/UART/UART_TX /home/IC/Projects/System/RTL/UART/UART_TOP /home/IC/Projects/System/RTL/Top
########################### Define Top Module ############################
set top_module SYSTEM
SYSTEM
######################### Formality Setup File ###########################
set synopsys_auto_setup true
true
set_svf "/home/IC/Projects/System/syn/SYSTEM.svf"
SVF set to '/home/IC/Projects/System/syn/SYSTEM.svf'.
1
####################### Read Reference tech libs ########################
set SSLIB "/home/IC/tsmc_fb_cl013g_sc/aci/sc-m/synopsys/scmetro_tsmc_cl013g_rvt_ss_1p08v_125c.db"
/home/IC/tsmc_fb_cl013g_sc/aci/sc-m/synopsys/scmetro_tsmc_cl013g_rvt_ss_1p08v_125c.db
set TTLIB "/home/IC/tsmc_fb_cl013g_sc/aci/sc-m/synopsys/scmetro_tsmc_cl013g_rvt_tt_1p2v_25c.db"
/home/IC/tsmc_fb_cl013g_sc/aci/sc-m/synopsys/scmetro_tsmc_cl013g_rvt_tt_1p2v_25c.db
set FFLIB "/home/IC/tsmc_fb_cl013g_sc/aci/sc-m/synopsys/scmetro_tsmc_cl013g_rvt_ff_1p32v_m40c.db"
/home/IC/tsmc_fb_cl013g_sc/aci/sc-m/synopsys/scmetro_tsmc_cl013g_rvt_ff_1p32v_m40c.db
read_db -container Ref [list $SSLIB $TTLIB $FFLIB]
Loading db file '/home/IC/tsmc_fb_cl013g_sc/aci/sc-m/synopsys/scmetro_tsmc_cl013g_rvt_ss_1p08v_125c.db'
Created container 'Ref'
Current container set to 'Ref'
Loading db file '/home/IC/tsmc_fb_cl013g_sc/aci/sc-m/synopsys/scmetro_tsmc_cl013g_rvt_tt_1p2v_25c.db'
Loading db file '/home/IC/tsmc_fb_cl013g_sc/aci/sc-m/synopsys/scmetro_tsmc_cl013g_rvt_ff_1p32v_m40c.db'
1
###################  Read Reference Design Files ######################## 
read_verilog -container Ref "ALU.v"
No target library specified, default is WORK
Initializing DesignWare ...
Initialization Complete
Loading verilog file '/home/IC/Projects/System/RTL/ALU/ALU.v'
1
read_verilog -container Ref "BIT_SYNC.v"
No target library specified, default is WORK
Loading verilog file '/home/IC/Projects/System/RTL/Asynch_FIFO/BIT_SYNC.v'
1
read_verilog -container Ref "FIFO_mem.v"
No target library specified, default is WORK
Loading verilog file '/home/IC/Projects/System/RTL/Asynch_FIFO/FIFO_mem.v'
1
read_verilog -container Ref "r_empty.v"
No target library specified, default is WORK
Loading verilog file '/home/IC/Projects/System/RTL/Asynch_FIFO/r_empty.v'
1
read_verilog -container Ref "w_full.v"
No target library specified, default is WORK
Loading verilog file '/home/IC/Projects/System/RTL/Asynch_FIFO/w_full.v'
1
read_verilog -container Ref "Asynch_FIFO.v"
No target library specified, default is WORK
Loading verilog file '/home/IC/Projects/System/RTL/Asynch_FIFO/Asynch_FIFO.v'
1
read_verilog -container Ref "ClkDiv.v"
No target library specified, default is WORK
Loading verilog file '/home/IC/Projects/System/RTL/Clock_Divider/ClkDiv.v'
1
read_verilog -container Ref "CLK_GATE.v"
No target library specified, default is WORK
Loading verilog file '/home/IC/Projects/System/RTL/CLK_GATE/CLK_GATE.v'
1
read_verilog -container Ref "DATA_SYNC.v"
No target library specified, default is WORK
Loading verilog file '/home/IC/Projects/System/RTL/DATA_SYNC/DATA_SYNC.v'
1
read_verilog -container Ref "REG_FILE.v"
No target library specified, default is WORK
Loading verilog file '/home/IC/Projects/System/RTL/REG_FILE/REG_FILE.v'
1
read_verilog -container Ref "Pulse_Gen.v"
No target library specified, default is WORK
Loading verilog file '/home/IC/Projects/System/RTL/Pulse_Gen/Pulse_Gen.v'
1
read_verilog -container Ref "RST_SYNC.v"
No target library specified, default is WORK
Loading verilog file '/home/IC/Projects/System/RTL/RST_SYNC/RST_SYNC.v'
1
read_verilog -container Ref "SYS_CTRL.v"
No target library specified, default is WORK
Loading verilog file '/home/IC/Projects/System/RTL/SYS_CTRL/SYS_CTRL.v'
1
read_verilog -container Ref "data_sampling.v"
No target library specified, default is WORK
Loading verilog file '/home/IC/Projects/System/RTL/UART/UART_RX/data_sampling.v'
1
read_verilog -container Ref "deserializer.v"
No target library specified, default is WORK
Loading verilog file '/home/IC/Projects/System/RTL/UART/UART_RX/deserializer.v'
1
read_verilog -container Ref "edge_bit_counter.v"
No target library specified, default is WORK
Loading verilog file '/home/IC/Projects/System/RTL/UART/UART_RX/edge_bit_counter.v'
1
read_verilog -container Ref "parity_check.v"
No target library specified, default is WORK
Loading verilog file '/home/IC/Projects/System/RTL/UART/UART_RX/parity_check.v'
1
read_verilog -container Ref "stp_check.v"
No target library specified, default is WORK
Loading verilog file '/home/IC/Projects/System/RTL/UART/UART_RX/stp_check.v'
1
read_verilog -container Ref "strt_check.v"
No target library specified, default is WORK
Loading verilog file '/home/IC/Projects/System/RTL/UART/UART_RX/strt_check.v'
1
read_verilog -container Ref "UART_RX.v"
No target library specified, default is WORK
Loading verilog file '/home/IC/Projects/System/RTL/UART/UART_RX/UART_RX.v'
1
read_verilog -container Ref "RX_controller.v"
No target library specified, default is WORK
Loading verilog file '/home/IC/Projects/System/RTL/UART/UART_RX/RX_controller.v'
1
read_verilog -container Ref "mux_4_1.v"
No target library specified, default is WORK
Loading verilog file '/home/IC/Projects/System/RTL/UART/UART_TX/mux_4_1.v'
1
read_verilog -container Ref "Parity_Calc.v"
No target library specified, default is WORK
Loading verilog file '/home/IC/Projects/System/RTL/UART/UART_TX/Parity_Calc.v'
1
read_verilog -container Ref "Serializer.v"
No target library specified, default is WORK
Loading verilog file '/home/IC/Projects/System/RTL/UART/UART_TX/Serializer.v'
1
read_verilog -container Ref "tx_controller.v"
No target library specified, default is WORK
Loading verilog file '/home/IC/Projects/System/RTL/UART/UART_TX/tx_controller.v'
1
read_verilog -container Ref "UART_TX.v"
No target library specified, default is WORK
Loading verilog file '/home/IC/Projects/System/RTL/UART/UART_TX/UART_TX.v'
1
read_verilog -container Ref "UART.v"
No target library specified, default is WORK
Loading verilog file '/home/IC/Projects/System/RTL/UART/UART_TOP/UART.v'
1
read_verilog -container Ref "SYSTEM.v"
No target library specified, default is WORK
Loading verilog file '/home/IC/Projects/System/RTL/Top/SYSTEM.v'
1
######################## set the top Reference Design ######################## 
set_reference_design SYSTEM
Reference design set to 'Ref:/WORK/SYSTEM'
1
set_top SYSTEM
Setting top design to 'Ref:/WORK/SYSTEM'
Status:   Elaborating design SYSTEM   ...  
Status:   Elaborating design UART   ...  
Status:   Elaborating design UART_TX   ...  
Status:   Elaborating design tx_controller   ...  
Status:   Elaborating design Parity_Calc   ...  
Status:   Elaborating design Serializer   ...  
Status:   Elaborating design mux_4_1   ...  
Status:   Elaborating design UART_RX   ...  
Status:   Elaborating design data_sampling   ...  
Status:   Elaborating design edge_bit_counter   ...  
Status:   Elaborating design RX_controller   ...  
Status:   Elaborating design stop_check   ...  
Status:   Elaborating design strt_check   ...  
Status:   Elaborating design parity_check   ...  
Status:   Elaborating design deserializer   ...  
Status:   Elaborating design RST_SYNC   ...  
Status:   Elaborating design DATA_SYNC   ...  
Status:   Elaborating design ClkDiv   ...  
Status:   Elaborating design CLK_GATE   ...  
Status:   Elaborating design REG_FILE   ...  
Status:   Elaborating design ALU   ...  
Status:   Elaborating design Asynch_FIFO   ...  
Status:   Elaborating design BIT_SYNC  NUM_STAGES=2, BUS_WIDTH=4 ...  
Information: Created design named 'BIT_SYNC_NUM_STAGES2_BUS_WIDTH4'. (FE-LINK-13)
Status:   Elaborating design FIFO_mem  Data_Width=8, DEPTH=8, POI_SIZE=4 ...  
Information: Created design named 'FIFO_mem_Data_Width8_DEPTH8_POI_SIZE4'. (FE-LINK-13)
Status:   Elaborating design r_empty  P_SIZE=4 ...  
Information: Created design named 'r_empty_P_SIZE4'. (FE-LINK-13)
Status:   Elaborating design w_full  POI_SIZE=4 ...  
Information: Created design named 'w_full_POI_SIZE4'. (FE-LINK-13)
Status:   Elaborating design SYS_CTRL   ...  
Status:   Elaborating design Pulse_Gen   ...  
Status:  Implementing inferred operators...

************ Library Checking Summary ************
Warning:  3 unlinked power cell(s) with unread pg pins.
        Use 'report_libraries -defects all' for more details.
**************************************************

Top design successfully set to 'Ref:/WORK/SYSTEM'
Reference design set to 'Ref:/WORK/SYSTEM'
1
####################### Read Implementation tech libs ######################## 
read_db -container Imp [list $SSLIB $TTLIB $FFLIB]
Loading db file '/home/IC/tsmc_fb_cl013g_sc/aci/sc-m/synopsys/scmetro_tsmc_cl013g_rvt_ss_1p08v_125c.db'
Created container 'Imp'
Current container set to 'Imp'
Loading db file '/home/IC/tsmc_fb_cl013g_sc/aci/sc-m/synopsys/scmetro_tsmc_cl013g_rvt_tt_1p2v_25c.db'
Loading db file '/home/IC/tsmc_fb_cl013g_sc/aci/sc-m/synopsys/scmetro_tsmc_cl013g_rvt_ff_1p32v_m40c.db'
1
#################### Read Implementation Design Files ######################## 
read_verilog -container Imp -netlist "/home/IC/Projects/System/syn/netlists/SYSTEM.v"
No target library specified, default is WORK
Loading verilog file '/home/IC/Projects/System/syn/netlists/SYSTEM.v'
1
####################  set the top Implementation Design ######################
set_implementation_design SYSTEM
Implementation design set to 'Imp:/WORK/SYSTEM'
1
set_top SYSTEM
Setting top design to 'Imp:/WORK/SYSTEM'
Status:  Implementing inferred operators...

************ Library Checking Summary ************
Warning:  3 unlinked power cell(s) with unread pg pins.
        Use 'report_libraries -defects all' for more details.
**************************************************

Top design successfully set to 'Imp:/WORK/SYSTEM'
Implementation design set to 'Imp:/WORK/SYSTEM'
1
## matching Compare points
match
Reference design is 'Ref:/WORK/SYSTEM'
Implementation design is 'Imp:/WORK/SYSTEM'
Status:  Checking designs...
    Warning: 8 (12) undriven nets found in reference (implementation) design; see formality.log for list (FM-399)
Status:  Building verification models...
Status:  Processing Guide Commands...

***************************** Guidance Summary *****************************
                                         Status
Command                 Accepted   Rejected  Unsupported  Unprocessed  Total
----------------------------------------------------------------------------
environment         :          2          0          0          0          2
instance_map        :         27          0          0          0         27
mark                :         22          0          0          0         22
multiplier          :          2          0          0          0          2
transformation
   map              :         21          0          0          0         21
   share            :          2          0          0          0          2
uniquify            :          2          2          0          0          4

Note: If verification succeeds you can safely ignore unaccepted guidance commands.

SVF files read:
      /home/IC/Projects/System/syn/SYSTEM.svf

SVF files produced:
  /home/IC/Projects/System/post-syn/formality_svf/
    svf.txt
****************************************************************************

Status:  Matching...
    
*********************************** Matching Results ***********************************    
 310 Compare points matched by name    
 0 Compare points matched by signature analysis    
 0 Compare points matched by topology    
 4 Matched primary inputs, black-box outputs    
 0(0) Unmatched reference(implementation) compare points    
 0(0) Unmatched reference(implementation) primary inputs, black-box outputs    
****************************************************************************************

1
## verify
set successful [verify]
Reference design is 'Ref:/WORK/SYSTEM'
Implementation design is 'Imp:/WORK/SYSTEM'
    
*********************************** Matching Results ***********************************    
 310 Compare points matched by name    
 0 Compare points matched by signature analysis    
 0 Compare points matched by topology    
 4 Matched primary inputs, black-box outputs    
 0(0) Unmatched reference(implementation) compare points    
 0(0) Unmatched reference(implementation) primary inputs, black-box outputs    
****************************************************************************************

Status:  Verifying...

***************************** Synopsys Auto Setup Summary ******************************

!!! Synopsys Auto Setup Mode was enabled. !!!
!!! Verification results are valid assuming the following setup constraints: !!!

### RTL Interpretation Setup
   set hdlin_ignore_parallel_case false
   set hdlin_ignore_full_case false
   set hdlin_error_on_mismatch_message false
   set hdlin_ignore_embedded_configuration true

### Undriven Signal Handling Setup
   set verification_set_undriven_signals synthesis

### Test Logic Setup
   set verification_verify_directly_undriven_output false
   For details see report_dont_verify_points and report_constants


For further details on Synopsys Auto Setup Mode: Type man synopsys_auto_setup
****************************************************************************************


********************************* Verification Results *********************************
Verification SUCCEEDED
   ATTENTION: synopsys_auto_setup mode was enabled.
              See Synopsys Auto Setup Summary for details.
----------------------------------------------------------
 Reference design: Ref:/WORK/SYSTEM
 Implementation design: Imp:/WORK/SYSTEM
 310 Passing compare points
----------------------------------------------------------------------------------------
Matched Compare Points     BBPin    Loop   BBNet     Cut    Port     DFF     LAT   TOTAL
----------------------------------------------------------------------------------------
Passing (equivalent)           0       0       0       0       1     309       0     310
Failing (not equivalent)       0       0       0       0       0       0       0       0
Not Compared
  Constant reg                                                         1      18      19
  Unread                       0       0       0       0       0       8       0       8
****************************************************************************************
1
if {!$successful} {
diagnose
analyze_points -failing
}
report_passing_points > "reports/passing_points.rpt"
report_failing_points > "reports/failing_points.rpt"
report_aborted_points > "reports/aborted_points.rpt"
report_unverified_points > "reports/unverified_points.rpt"
start_gui
     1  source -echo -verbose syn_fm_script.tcl
1
1
fm_shell (verify)> 